#
# There is insufficient memory for the Java Runtime Environment to continue.
# Native memory allocation (malloc) failed to allocate 2266096 bytes for Chunk::new
# Possible reasons:
#   The system is out of physical RAM or swap space
#   In 32 bit mode, the process size limit was hit
# Possible solutions:
#   Reduce memory load on the system
#   Increase physical memory or swap space
#   Check if swap backing store is full
#   Use 64 bit Java on a 64 bit OS
#   Decrease Java heap size (-Xmx/-Xms)
#   Decrease number of Java threads
#   Decrease Java thread stack sizes (-Xss)
#   Set larger code cache with -XX:ReservedCodeCacheSize=
# This output file may be truncated or incomplete.
#
#  Out of Memory Error (allocation.cpp:390), pid=12624, tid=0x0000000000000870
#
# JRE version: Java(TM) SE Runtime Environment (8.0_181-b13) (build 1.8.0_181-b13)
# Java VM: Java HotSpot(TM) 64-Bit Server VM (25.181-b13 mixed mode windows-amd64 compressed oops)
# Failed to write core dump. Minidumps are not enabled by default on client versions of Windows
#

---------------  T H R E A D  ---------------

Current thread (0x0000000017304000):  JavaThread "C2 CompilerThread1" daemon [_thread_in_native, id=2160, stack(0x0000000018a40000,0x0000000018b40000)]

Stack: [0x0000000018a40000,0x0000000018b40000]
[error occurred during error reporting (printing stack bounds), id 0xc0000005]

Native frames: (J=compiled Java code, j=interpreted, Vv=VM code, C=native code)


Current CompileTask:
C2:  21092 1426   !   4       java.net.URLClassLoader$1::run (63 bytes)


---------------  P R O C E S S  ---------------

Java Threads: ( => current thread )
  0x000000001a346800 JavaThread "Cache worker for file hash cache (C:\Users\DS\ReactNativeProjects\h8_FinalProject\android\.gradle\4.4\fileHashes)" [_thread_blocked, id=12964, stack(0x000000001bf90000,0x000000001c090000)]
  0x000000001a346000 JavaThread "File lock request listener" [_thread_in_native, id=2132, stack(0x000000001be90000,0x000000001bf90000)]
  0x000000001a344800 JavaThread "Cache worker for file hash cache (C:\Users\DS\.gradle\caches\4.4\fileHashes)" [_thread_blocked, id=11772, stack(0x000000001bd90000,0x000000001be90000)]
  0x0000000018bc8000 JavaThread "Stdin handler" [_thread_blocked, id=11792, stack(0x000000001ba90000,0x000000001bb90000)]
  0x0000000018bc7800 JavaThread "Asynchronous log dispatcher for DefaultDaemonConnection: socket connection from /127.0.0.1:50316 to /127.0.0.1:50317" [_thread_blocked, id=11780, stack(0x000000001b990000,0x000000001ba90000)]
  0x000000001a08d800 JavaThread "Daemon worker" [_thread_in_native, id=11828, stack(0x000000001b890000,0x000000001b990000)]
  0x00000000196c3000 JavaThread "Cancel handler" [_thread_blocked, id=11824, stack(0x000000001b790000,0x000000001b890000)]
  0x000000001a0ed800 JavaThread "Handler for socket connection from /127.0.0.1:50316 to /127.0.0.1:50317" [_thread_in_native, id=1268, stack(0x000000001b490000,0x000000001b590000)]
  0x000000001a0ec800 JavaThread "Daemon" [_thread_blocked, id=12052, stack(0x000000001b390000,0x000000001b490000)]
  0x000000001944b800 JavaThread "Daemon periodic checks" [_thread_blocked, id=6676, stack(0x000000001b290000,0x000000001b390000)]
  0x0000000019449800 JavaThread "Incoming local TCP Connector on port 50316" [_thread_in_native, id=1692, stack(0x000000001b050000,0x000000001b150000)]
  0x000000001a2fe000 JavaThread "Daemon health stats" [_thread_blocked, id=9684, stack(0x000000001aa10000,0x000000001ab10000)]
  0x000000001735b000 JavaThread "Service Thread" daemon [_thread_blocked, id=3808, stack(0x0000000019040000,0x0000000019140000)]
  0x0000000018b50800 JavaThread "C1 CompilerThread2" daemon [_thread_blocked, id=1576, stack(0x0000000018f40000,0x0000000019040000)]
=>0x0000000017304000 JavaThread "C2 CompilerThread1" daemon [_thread_in_native, id=2160, stack(0x0000000018a40000,0x0000000018b40000)]
  0x0000000017300000 JavaThread "C2 CompilerThread0" daemon [_thread_in_native, id=10120, stack(0x0000000018940000,0x0000000018a40000)]
  0x00000000172fe000 JavaThread "Attach Listener" daemon [_thread_blocked, id=7736, stack(0x0000000018840000,0x0000000018940000)]
  0x00000000172fb000 JavaThread "Signal Dispatcher" daemon [_thread_blocked, id=7984, stack(0x0000000018740000,0x0000000018840000)]
  0x00000000172ea000 JavaThread "Finalizer" daemon [_thread_blocked, id=12548, stack(0x0000000018550000,0x0000000018650000)]
  0x00000000172c9000 JavaThread "Reference Handler" daemon [_thread_blocked, id=12912, stack(0x0000000018450000,0x0000000018550000)]
  0x000000000490e800 JavaThread "main" [_thread_blocked, id=11580, stack(0x0000000004910000,0x0000000004a10000)]

Other Threads:
  0x00000000172c7000 VMThread [stack: 0x0000000018350000,0x0000000018450000] [id=11544]
  0x000000001735d800 WatcherThread [stack: 0x0000000019140000,0x0000000019240000] [id=1428]

VM state:not at safepoint (normal execution)

VM Mutex/Monitor currently owned by a thread: None

Heap:
 PSYoungGen      total 37888K, used 25546K [0x00000000eab00000, 0x00000000ed500000, 0x0000000100000000)
  eden space 32768K, 62% used [0x00000000eab00000,0x00000000ebef7890,0x00000000ecb00000)
  from space 5120K, 99% used [0x00000000ecb00000,0x00000000ecffb050,0x00000000ed000000)
  to   space 5120K, 0% used [0x00000000ed000000,0x00000000ed000000,0x00000000ed500000)
 ParOldGen       total 86016K, used 2020K [0x00000000c0000000, 0x00000000c5400000, 0x00000000eab00000)
  object space 86016K, 2% used [0x00000000c0000000,0x00000000c01f9300,0x00000000c5400000)
 Metaspace       used 16281K, capacity 16576K, committed 16640K, reserved 1062912K
  class space    used 2374K, capacity 2498K, committed 2560K, reserved 1048576K

Card table byte_map: [0x0000000013ff0000,0x0000000014200000] byte_map_base: 0x00000000139f0000

Marking Bits: (ParMarkBitMap*) 0x000000005aae2d00
 Begin Bits: [0x0000000014760000, 0x0000000015760000)
 End Bits:   [0x0000000015760000, 0x0000000016760000)

Polling page: 0x00000000009f0000

CodeCache: size=245760Kb used=5046Kb max_used=5046Kb free=240713Kb
 bounds [0x0000000004c30000, 0x0000000005120000, 0x0000000013c30000]
 total_blobs=1815 nmethods=1440 adapters=287
 compilation: enabled

Compilation events (10 events):
Event: 21.036 Thread 0x0000000018b50800 1469       3       org.objectweb.asm.ClassWriter::newUTF8 (70 bytes)
Event: 21.037 Thread 0x0000000018b50800 nmethod 1469 0x000000000511e090 code [0x000000000511e240, 0x000000000511e678]
Event: 21.037 Thread 0x0000000018b50800 1471       3       org.objectweb.asm.ByteVector::putByte (39 bytes)
Event: 21.037 Thread 0x0000000018b50800 nmethod 1471 0x000000000511e890 code [0x000000000511ea00, 0x000000000511ec28]
Event: 21.037 Thread 0x0000000018b50800 1470       3       org.objectweb.asm.ByteVector::put12 (64 bytes)
Event: 21.037 Thread 0x0000000018b50800 nmethod 1470 0x000000000511ed50 code [0x000000000511eec0, 0x000000000511f148]
Event: 21.037 Thread 0x0000000018b50800 1473       3       org.objectweb.asm.Item::<init> (66 bytes)
Event: 21.037 Thread 0x0000000018b50800 nmethod 1473 0x000000000511f2d0 code [0x000000000511f440, 0x000000000511f670]
Event: 21.037 Thread 0x0000000018b50800 1476       3       org.objectweb.asm.Frame::push (110 bytes)
Event: 21.038 Thread 0x0000000018b50800 nmethod 1476 0x000000000511f750 code [0x000000000511f8e0, 0x000000000511fd98]

GC Heap History (6 events):
Event: 9.002 GC heap before
{Heap before GC invocations=1 (full 0):
 PSYoungGen      total 37888K, used 32768K [0x00000000eab00000, 0x00000000ed500000, 0x0000000100000000)
  eden space 32768K, 100% used [0x00000000eab00000,0x00000000ecb00000,0x00000000ecb00000)
  from space 5120K, 0% used [0x00000000ed000000,0x00000000ed000000,0x00000000ed500000)
  to   space 5120K, 0% used [0x00000000ecb00000,0x00000000ecb00000,0x00000000ed000000)
 ParOldGen       total 86016K, used 0K [0x00000000c0000000, 0x00000000c5400000, 0x00000000eab00000)
  object space 86016K, 0% used [0x00000000c0000000,0x00000000c0000000,0x00000000c5400000)
 Metaspace       used 6642K, capacity 6768K, committed 7040K, reserved 1056768K
  class space    used 830K, capacity 876K, committed 896K, reserved 1048576K
Event: 9.016 GC heap after
Heap after GC invocations=1 (full 0):
 PSYoungGen      total 37888K, used 4054K [0x00000000eab00000, 0x00000000ed500000, 0x0000000100000000)
  eden space 32768K, 0% used [0x00000000eab00000,0x00000000eab00000,0x00000000ecb00000)
  from space 5120K, 79% used [0x00000000ecb00000,0x00000000ecef5b10,0x00000000ed000000)
  to   space 5120K, 0% used [0x00000000ed000000,0x00000000ed000000,0x00000000ed500000)
 ParOldGen       total 86016K, used 8K [0x00000000c0000000, 0x00000000c5400000, 0x00000000eab00000)
  object space 86016K, 0% used [0x00000000c0000000,0x00000000c0002000,0x00000000c5400000)
 Metaspace       used 6642K, capacity 6768K, committed 7040K, reserved 1056768K
  class space    used 830K, capacity 876K, committed 896K, reserved 1048576K
}
Event: 19.198 GC heap before
{Heap before GC invocations=2 (full 0):
 PSYoungGen      total 37888K, used 36822K [0x00000000eab00000, 0x00000000ed500000, 0x0000000100000000)
  eden space 32768K, 100% used [0x00000000eab00000,0x00000000ecb00000,0x00000000ecb00000)
  from space 5120K, 79% used [0x00000000ecb00000,0x00000000ecef5b10,0x00000000ed000000)
  to   space 5120K, 0% used [0x00000000ed000000,0x00000000ed000000,0x00000000ed500000)
 ParOldGen       total 86016K, used 8K [0x00000000c0000000, 0x00000000c5400000, 0x00000000eab00000)
  object space 86016K, 0% used [0x00000000c0000000,0x00000000c0002000,0x00000000c5400000)
 Metaspace       used 11008K, capacity 11274K, committed 11392K, reserved 1058816K
  class space    used 1493K, capacity 1583K, committed 1664K, reserved 1048576K
Event: 19.212 GC heap after
Heap after GC invocations=2 (full 0):
 PSYoungGen      total 37888K, used 5119K [0x00000000eab00000, 0x00000000ed500000, 0x0000000100000000)
  eden space 32768K, 0% used [0x00000000eab00000,0x00000000eab00000,0x00000000ecb00000)
  from space 5120K, 99% used [0x00000000ed000000,0x00000000ed4ffd18,0x00000000ed500000)
  to   space 5120K, 0% used [0x00000000ecb00000,0x00000000ecb00000,0x00000000ed000000)
 ParOldGen       total 86016K, used 237K [0x00000000c0000000, 0x00000000c5400000, 0x00000000eab00000)
  object space 86016K, 0% used [0x00000000c0000000,0x00000000c003b7c8,0x00000000c5400000)
 Metaspace       used 11008K, capacity 11274K, committed 11392K, reserved 1058816K
  class space    used 1493K, capacity 1583K, committed 1664K, reserved 1048576K
}
Event: 20.245 GC heap before
{Heap before GC invocations=3 (full 0):
 PSYoungGen      total 37888K, used 37887K [0x00000000eab00000, 0x00000000ed500000, 0x0000000100000000)
  eden space 32768K, 100% used [0x00000000eab00000,0x00000000ecb00000,0x00000000ecb00000)
  from space 5120K, 99% used [0x00000000ed000000,0x00000000ed4ffd18,0x00000000ed500000)
  to   space 5120K, 0% used [0x00000000ecb00000,0x00000000ecb00000,0x00000000ed000000)
 ParOldGen       total 86016K, used 237K [0x00000000c0000000, 0x00000000c5400000, 0x00000000eab00000)
  object space 86016K, 0% used [0x00000000c0000000,0x00000000c003b7c8,0x00000000c5400000)
 Metaspace       used 14342K, capacity 14656K, committed 14848K, reserved 1062912K
  class space    used 2054K, capacity 2178K, committed 2304K, reserved 1048576K
Event: 20.274 GC heap after
Heap after GC invocations=3 (full 0):
 PSYoungGen      total 37888K, used 5100K [0x00000000eab00000, 0x00000000ed500000, 0x0000000100000000)
  eden space 32768K, 0% used [0x00000000eab00000,0x00000000eab00000,0x00000000ecb00000)
  from space 5120K, 99% used [0x00000000ecb00000,0x00000000ecffb050,0x00000000ed000000)
  to   space 5120K, 0% used [0x00000000ed000000,0x00000000ed000000,0x00000000ed500000)
 ParOldGen       total 86016K, used 2020K [0x00000000c0000000, 0x00000000c5400000, 0x00000000eab00000)
  object space 86016K, 2% used [0x00000000c0000000,0x00000000c01f9300,0x00000000c5400000)
 Metaspace       used 14342K, capacity 14656K, committed 14848K, reserved 1062912K
  class space    used 2054K, capacity 2178K, committed 2304K, reserved 1048576K
}

Deoptimization events (10 events):
Event: 18.025 Thread 0x000000000490e800 Uncommon trap: reason=unstable_if action=reinterpret pc=0x0000000004ee711c method=java.io.WinNTFileSystem.normalize(Ljava/lang/String;)Ljava/lang/String; @ 128
Event: 18.025 Thread 0x000000000490e800 Uncommon trap: reason=unstable_if action=reinterpret pc=0x0000000004f64f58 method=java.io.WinNTFileSystem.normalize(Ljava/lang/String;II)Ljava/lang/String; @ 90
Event: 19.444 Thread 0x000000001a0ed800 Uncommon trap: reason=unstable_if action=reinterpret pc=0x0000000004fe8660 method=java.util.concurrent.ConcurrentHashMap.putVal(Ljava/lang/Object;Ljava/lang/Object;Z)Ljava/lang/Object; @ 206
Event: 19.549 Thread 0x000000001a08d800 Uncommon trap: reason=bimorphic action=maybe_recompile pc=0x0000000004f7cfa8 method=java.util.HashMap.putVal(ILjava/lang/Object;Ljava/lang/Object;ZZ)Ljava/lang/Object; @ 253
Event: 19.549 Thread 0x000000001a08d800 Uncommon trap: reason=bimorphic action=maybe_recompile pc=0x0000000004f7cfa8 method=java.util.HashMap.putVal(ILjava/lang/Object;Ljava/lang/Object;ZZ)Ljava/lang/Object; @ 253
Event: 19.549 Thread 0x000000001a08d800 Uncommon trap: reason=bimorphic action=maybe_recompile pc=0x0000000004f82a6c method=java.util.HashMap.putVal(ILjava/lang/Object;Ljava/lang/Object;ZZ)Ljava/lang/Object; @ 253
Event: 19.576 Thread 0x000000001a08d800 Uncommon trap: reason=class_check action=maybe_recompile pc=0x0000000004edfe58 method=java.util.regex.Matcher.match(II)Z @ 86
Event: 20.156 Thread 0x000000001a08d800 Uncommon trap: reason=class_check action=maybe_recompile pc=0x0000000004edfe58 method=java.util.regex.Matcher.match(II)Z @ 86
Event: 20.156 Thread 0x000000001a08d800 Uncommon trap: reason=class_check action=maybe_recompile pc=0x0000000004eaae8c method=java.util.regex.Matcher.match(II)Z @ 86
Event: 20.307 Thread 0x000000001a08d800 Uncommon trap: reason=unstable_if action=reinterpret pc=0x00000000050aae74 method=java.lang.String.lastIndexOf([CII[CIII)I @ 66

Classes redefined (0 events):
No events

Internal exceptions (10 events):
Event: 19.450 Thread 0x000000001a0ed800 Exception <a 'java/lang/NoSuchMethodError': <clinit>> (0x00000000eac51618) thrown at [C:\re\workspace\8-2-build-windows-amd64-cygwin\jdk8u181\11358\hotspot\src\share\vm\prims\jni.cpp, line 1613]
Event: 19.452 Thread 0x000000001a0ed800 Exception <a 'java/lang/NoSuchMethodError': <clinit>> (0x00000000eac60478) thrown at [C:\re\workspace\8-2-build-windows-amd64-cygwin\jdk8u181\11358\hotspot\src\share\vm\prims\jni.cpp, line 1613]
Event: 19.457 Thread 0x000000001a0ed800 Exception <a 'java/lang/NoSuchMethodError': <clinit>> (0x00000000eac81f58) thrown at [C:\re\workspace\8-2-build-windows-amd64-cygwin\jdk8u181\11358\hotspot\src\share\vm\prims\jni.cpp, line 1613]
Event: 19.467 Thread 0x000000001a0ed800 Exception <a 'java/lang/NoSuchMethodError': <clinit>> (0x00000000eacd98c0) thrown at [C:\re\workspace\8-2-build-windows-amd64-cygwin\jdk8u181\11358\hotspot\src\share\vm\prims\jni.cpp, line 1613]
Event: 19.474 Thread 0x000000001a0ed800 Exception <a 'java/lang/NoSuchMethodError': <clinit>> (0x00000000ead08dc8) thrown at [C:\re\workspace\8-2-build-windows-amd64-cygwin\jdk8u181\11358\hotspot\src\share\vm\prims\jni.cpp, line 1613]
Event: 19.481 Thread 0x000000001a0ed800 Exception <a 'java/lang/NoSuchMethodError': <clinit>> (0x00000000ead3cab0) thrown at [C:\re\workspace\8-2-build-windows-amd64-cygwin\jdk8u181\11358\hotspot\src\share\vm\prims\jni.cpp, line 1613]
Event: 19.483 Thread 0x000000001a0ed800 Exception <a 'java/lang/NoSuchMethodError': <clinit>> (0x00000000ead4a758) thrown at [C:\re\workspace\8-2-build-windows-amd64-cygwin\jdk8u181\11358\hotspot\src\share\vm\prims\jni.cpp, line 1613]
Event: 19.487 Thread 0x000000001a0ed800 Exception <a 'java/lang/NoSuchMethodError': <clinit>> (0x00000000ead71970) thrown at [C:\re\workspace\8-2-build-windows-amd64-cygwin\jdk8u181\11358\hotspot\src\share\vm\prims\jni.cpp, line 1613]
Event: 19.535 Thread 0x000000001a08d800 Exception <a 'java/lang/NoSuchMethodError': <clinit>> (0x00000000eaedb880) thrown at [C:\re\workspace\8-2-build-windows-amd64-cygwin\jdk8u181\11358\hotspot\src\share\vm\prims\jni.cpp, line 1613]
Event: 19.536 Thread 0x000000001a08d800 Exception <a 'java/lang/NoSuchMethodError': <clinit>> (0x00000000eaee3b70) thrown at [C:\re\workspace\8-2-build-windows-amd64-cygwin\jdk8u181\11358\hotspot\src\share\vm\prims\jni.cpp, line 1613]

Events (10 events):
Event: 21.022 loading class org/gradle/api/internal/AbstractClassGenerator$PropertyMetaData
Event: 21.022 loading class org/gradle/api/internal/AbstractClassGenerator$PropertyMetaData done
Event: 21.024 loading class org/gradle/api/internal/ConventionMapping$MappedProperty
Event: 21.024 loading class org/gradle/api/internal/ConventionMapping$MappedProperty done
Event: 21.031 loading class org/gradle/internal/service/scopes/GradleScopeServices
Event: 21.031 loading class org/gradle/internal/service/scopes/GradleScopeServices done
Event: 21.032 loading class org/gradle/cache/internal/FileContentCacheFactory
Event: 21.032 loading class org/gradle/cache/internal/FileContentCacheFactory done
Event: 21.032 loading class org/gradle/internal/scan/scopeids/BuildScanScopeIds
Event: 21.032 loading class org/gradle/internal/scan/scopeids/BuildScanScopeIds done


Dynamic libraries:
0x00007ff70b250000 - 0x00007ff70b287000 	C:\Program Files\Java\JDK1.8.0_181\bin\java.exe
0x00007ffa01270000 - 0x00007ffa01450000 	C:\WINDOWS\SYSTEM32\ntdll.dll
0x00007ff9ffb10000 - 0x00007ff9ffbbe000 	C:\WINDOWS\System32\KERNEL32.DLL
0x00007ff9fe120000 - 0x00007ff9fe386000 	C:\WINDOWS\System32\KERNELBASE.dll
0x00007ff9fe980000 - 0x00007ff9fea21000 	C:\WINDOWS\System32\ADVAPI32.dll
0x00007ff9fe8e0000 - 0x00007ff9fe97d000 	C:\WINDOWS\System32\msvcrt.dll
0x00007ffa01080000 - 0x00007ffa010db000 	C:\WINDOWS\System32\sechost.dll
0x00007ff9feee0000 - 0x00007ff9fefff000 	C:\WINDOWS\System32\RPCRT4.dll
0x00007ff9ff6c0000 - 0x00007ff9ff84f000 	C:\WINDOWS\System32\USER32.dll
0x00007ff9fd670000 - 0x00007ff9fd690000 	C:\WINDOWS\System32\win32u.dll
0x00007ff9ff970000 - 0x00007ff9ff998000 	C:\WINDOWS\System32\GDI32.dll
0x00007ff9fd690000 - 0x00007ff9fd823000 	C:\WINDOWS\System32\gdi32full.dll
0x00007ff9fd930000 - 0x00007ff9fd9cb000 	C:\WINDOWS\System32\msvcp_win.dll
0x00007ff9fd830000 - 0x00007ff9fd925000 	C:\WINDOWS\System32\ucrtbase.dll
0x00007ff9ec940000 - 0x00007ff9ecba9000 	C:\WINDOWS\WinSxS\amd64_microsoft.windows.common-controls_6595b64144ccf1df_6.0.16299.665_none_15cbd8769361ff10\COMCTL32.dll
0x00007ff9ff150000 - 0x00007ff9ff457000 	C:\WINDOWS\System32\combase.dll
0x00007ff9fe390000 - 0x00007ff9fe402000 	C:\WINDOWS\System32\bcryptPrimitives.dll
0x00007ff9ff000000 - 0x00007ff9ff02d000 	C:\WINDOWS\System32\IMM32.DLL
0x000000005ab70000 - 0x000000005ac42000 	C:\Program Files\Java\JDK1.8.0_181\jre\bin\msvcr100.dll
0x000000005a2c0000 - 0x000000005ab62000 	C:\Program Files\Java\JDK1.8.0_181\jre\bin\server\jvm.dll
0x00007ffa01070000 - 0x00007ffa01078000 	C:\WINDOWS\System32\PSAPI.DLL
0x00007ff9eaf10000 - 0x00007ff9eaf19000 	C:\WINDOWS\SYSTEM32\WSOCK32.dll
0x00007ffa011b0000 - 0x00007ffa0121c000 	C:\WINDOWS\System32\WS2_32.dll
0x00007ff9fb3f0000 - 0x00007ff9fb413000 	C:\WINDOWS\SYSTEM32\WINMM.dll
0x00007ff9ed430000 - 0x00007ff9ed43a000 	C:\WINDOWS\SYSTEM32\VERSION.dll
0x00007ff9fb390000 - 0x00007ff9fb3ba000 	C:\WINDOWS\SYSTEM32\WINMMBASE.dll
0x00007ff9fe640000 - 0x00007ff9fe68a000 	C:\WINDOWS\System32\cfgmgr32.dll
0x000000005a2b0000 - 0x000000005a2bf000 	C:\Program Files\Java\JDK1.8.0_181\jre\bin\verify.dll
0x000000005a280000 - 0x000000005a2a9000 	C:\Program Files\Java\JDK1.8.0_181\jre\bin\java.dll
0x000000005a260000 - 0x000000005a276000 	C:\Program Files\Java\JDK1.8.0_181\jre\bin\zip.dll
0x00007ff9ffc30000 - 0x00007ffa01068000 	C:\WINDOWS\System32\SHELL32.dll
0x00007ff9ff860000 - 0x00007ff9ff906000 	C:\WINDOWS\System32\shcore.dll
0x00007ff9fd9d0000 - 0x00007ff9fe117000 	C:\WINDOWS\System32\windows.storage.dll
0x00007ff9fea30000 - 0x00007ff9fea81000 	C:\WINDOWS\System32\shlwapi.dll
0x00007ff9fd650000 - 0x00007ff9fd661000 	C:\WINDOWS\System32\kernel.appcore.dll
0x00007ff9fd600000 - 0x00007ff9fd64c000 	C:\WINDOWS\System32\powrprof.dll
0x00007ff9fd5e0000 - 0x00007ff9fd5fb000 	C:\WINDOWS\System32\profapi.dll
0x000000005a240000 - 0x000000005a25a000 	C:\Program Files\Java\JDK1.8.0_181\jre\bin\net.dll
0x00007ff9fce50000 - 0x00007ff9fceb6000 	C:\WINDOWS\system32\mswsock.dll
0x000000005a220000 - 0x000000005a231000 	C:\Program Files\Java\JDK1.8.0_181\jre\bin\nio.dll
0x00007ff9f6410000 - 0x00007ff9f642e000 	C:\Users\DS\.gradle\native\25\windows-amd64\native-platform.dll
0x000000005a210000 - 0x000000005a21d000 	C:\Program Files\Java\JDK1.8.0_181\jre\bin\management.dll
0x00007ff9fd010000 - 0x00007ff9fd027000 	C:\WINDOWS\SYSTEM32\CRYPTSP.dll
0x00007ff9fca50000 - 0x00007ff9fca83000 	C:\WINDOWS\system32\rsaenh.dll
0x00007ff9fd120000 - 0x00007ff9fd145000 	C:\WINDOWS\SYSTEM32\bcrypt.dll
0x00007ff9fd4f0000 - 0x00007ff9fd519000 	C:\WINDOWS\SYSTEM32\USERENV.dll
0x00007ff9fd030000 - 0x00007ff9fd03b000 	C:\WINDOWS\SYSTEM32\CRYPTBASE.dll
0x00007ff9fcbe0000 - 0x00007ff9fcc19000 	C:\WINDOWS\SYSTEM32\IPHLPAPI.DLL
0x00007ff9ffc20000 - 0x00007ff9ffc28000 	C:\WINDOWS\System32\NSI.dll
0x00007ff9f6560000 - 0x00007ff9f6576000 	C:\WINDOWS\SYSTEM32\dhcpcsvc6.DLL
0x00007ff9f6540000 - 0x00007ff9f655a000 	C:\WINDOWS\SYSTEM32\dhcpcsvc.DLL

VM Arguments:
jvm_args: -XX:+HeapDumpOnOutOfMemoryError -Xmx1024m -Dfile.encoding=windows-1252 -Duser.country=US -Duser.language=en -Duser.variant 
java_command: org.gradle.launcher.daemon.bootstrap.GradleDaemon 4.4
java_class_path (initial): C:\Users\DS\.gradle\wrapper\dists\gradle-4.4-all\9br9xq1tocpiv8o6njlyu5op1\gradle-4.4\lib\gradle-launcher-4.4.jar
Launcher Type: SUN_STANDARD

Environment Variables:
JAVA_HOME=C:\Program Files\Java\JDK1.8.0_181
CLASSPATH=C:\Users\DS\ReactNativeProjects\h8_FinalProject\android\\gradle\wrapper\gradle-wrapper.jar
PATH=C:\WINDOWS;C:\WINDOWS\system32;C:\WINDOWS\System32\Wbem;C:\WINDOWS\System32\WindowsPowerShell\v1.0\;C:\Program Files (x86)\Common Files\Intel\Shared Files\cpp\bin\Intel64;C:\ProgramData\chocolatey\bin;C:\ProgramData\ComposerSetup\bin;C:\Program Files (x86)\Common Files\Oracle\Java\javapath;C:\Program Files\Git\cmd;C:\Program Files\Microsoft VS Code\bin;C:\Python27\;C:\Python27\Scripts;C:\XAMPP\php;C:\Program Files\nodejs\;C:\Users\DS\AppData\Local\Microsoft\WindowsApps;C:\Users\DS\AppData\Roaming\Composer\vendor\bin;C:\Program Files\Java\JDK1.8.0_181\bin;C:\Program Files\Oracle\VirtualBox;C:\Users\DS\AppData\Local\atom\bin;C:\Users\DS\AppData\Local\GitHubDesktop\bin;C:\Users\DS\AppData\Roaming\npm
USERNAME=DS
OS=Windows_NT
PROCESSOR_IDENTIFIER=Intel64 Family 6 Model 142 Stepping 9, GenuineIntel



---------------  S Y S T E M  ---------------

OS: Windows 10.0 , 64 bit Build 16299 (10.0.16299.431)

CPU:total 4 (initial active 4) (2 cores per cpu, 2 threads per core) family 6 model 142 stepping 9, cmov, cx8, fxsr, mmx, sse, sse2, sse3, ssse3, sse4.1, sse4.2, popcnt, avx, avx2, aes, clmul, erms, 3dnowpref, lzcnt, ht, tsc, tscinvbit, bmi1, bmi2, adx

Memory: 4k page, physical 8251788k(810676k free), swap 8251788k(5984k free)

vm_info: Java HotSpot(TM) 64-Bit Server VM (25.181-b13) for windows-amd64 JRE (1.8.0_181-b13), built on Jul  7 2018 04:01:33 by "java_re" with MS VC++ 10.0 (VS2010)

time: Thu Oct 18 13:29:13 2018
elapsed time: 21 seconds (0d 0h 0m 21s)

