#
# There is insufficient memory for the Java Runtime Environment to continue.
# Native memory allocation (malloc) failed to allocate 769936 bytes for Chunk::new
# Possible reasons:
#   The system is out of physical RAM or swap space
#   In 32 bit mode, the process size limit was hit
# Possible solutions:
#   Reduce memory load on the system
#   Increase physical memory or swap space
#   Check if swap backing store is full
#   Use 64 bit Java on a 64 bit OS
#   Decrease Java heap size (-Xmx/-Xms)
#   Decrease number of Java threads
#   Decrease Java thread stack sizes (-Xss)
#   Set larger code cache with -XX:ReservedCodeCacheSize=
# This output file may be truncated or incomplete.
#
#  Out of Memory Error (allocation.cpp:390), pid=4360, tid=0x00000000000011b8
#
# JRE version: Java(TM) SE Runtime Environment (8.0_181-b13) (build 1.8.0_181-b13)
# Java VM: Java HotSpot(TM) 64-Bit Server VM (25.181-b13 mixed mode windows-amd64 compressed oops)
# Failed to write core dump. Minidumps are not enabled by default on client versions of Windows
#

---------------  T H R E A D  ---------------

Current thread (0x000000001773e800):  JavaThread "C2 CompilerThread1" daemon [_thread_in_native, id=4536, stack(0x0000000018e90000,0x0000000018f90000)]

Stack: [0x0000000018e90000,0x0000000018f90000]
[error occurred during error reporting (printing stack bounds), id 0xc0000005]

Native frames: (J=compiled Java code, j=interpreted, Vv=VM code, C=native code)


Current CompileTask:
C2:  10214 1316   !   4       java.net.URLClassLoader$1::run (63 bytes)


---------------  P R O C E S S  ---------------

Java Threads: ( => current thread )
  0x000000001a69e800 JavaThread "File lock request listener" [_thread_in_vm, id=2444, stack(0x000000001d2b0000,0x000000001d3b0000)]
  0x000000001a6a3000 JavaThread "Cache worker for file hash cache (C:\Users\DS\.gradle\caches\4.4\fileHashes)" [_thread_blocked, id=2336, stack(0x000000001d1b0000,0x000000001d2b0000)]
  0x000000001a413800 JavaThread "Stdin handler" [_thread_blocked, id=9980, stack(0x000000001bee0000,0x000000001bfe0000)]
  0x000000001a40f000 JavaThread "Asynchronous log dispatcher for DefaultDaemonConnection: socket connection from /127.0.0.1:50584 to /127.0.0.1:50585" [_thread_blocked, id=4600, stack(0x000000001bde0000,0x000000001bee0000)]
  0x000000001a6bf800 JavaThread "Daemon worker" [_thread_in_native, id=3356, stack(0x000000001bce0000,0x000000001bde0000)]
  0x000000001a6be800 JavaThread "Cancel handler" [_thread_blocked, id=4516, stack(0x000000001bbe0000,0x000000001bce0000)]
  0x000000001a55a800 JavaThread "Handler for socket connection from /127.0.0.1:50584 to /127.0.0.1:50585" [_thread_in_native, id=5844, stack(0x000000001b8e0000,0x000000001b9e0000)]
  0x000000001a559800 JavaThread "Daemon" [_thread_blocked, id=9420, stack(0x000000001b7e0000,0x000000001b8e0000)]
  0x0000000019228800 JavaThread "Daemon periodic checks" [_thread_blocked, id=6844, stack(0x000000001b6e0000,0x000000001b7e0000)]
  0x000000001a560800 JavaThread "Incoming local TCP Connector on port 50584" [_thread_in_native, id=8648, stack(0x000000001b4a0000,0x000000001b5a0000)]
  0x0000000019985000 JavaThread "Daemon health stats" [_thread_blocked, id=11368, stack(0x000000001ae60000,0x000000001af60000)]
  0x00000000190b0800 JavaThread "Service Thread" daemon [_thread_blocked, id=1408, stack(0x0000000019490000,0x0000000019590000)]
  0x0000000017741800 JavaThread "C1 CompilerThread2" daemon [_thread_blocked, id=3664, stack(0x0000000018f90000,0x0000000019090000)]
=>0x000000001773e800 JavaThread "C2 CompilerThread1" daemon [_thread_in_native, id=4536, stack(0x0000000018e90000,0x0000000018f90000)]
  0x000000001773a800 JavaThread "C2 CompilerThread0" daemon [_thread_in_native, id=4188, stack(0x0000000018d90000,0x0000000018e90000)]
  0x0000000017749000 JavaThread "Attach Listener" daemon [_thread_blocked, id=1836, stack(0x0000000018c90000,0x0000000018d90000)]
  0x0000000017745800 JavaThread "Signal Dispatcher" daemon [_thread_blocked, id=5908, stack(0x0000000018b90000,0x0000000018c90000)]
  0x000000001772a000 JavaThread "Finalizer" daemon [_thread_blocked, id=1680, stack(0x00000000189a0000,0x0000000018aa0000)]
  0x0000000017709000 JavaThread "Reference Handler" daemon [_thread_blocked, id=1460, stack(0x00000000188a0000,0x00000000189a0000)]
  0x0000000004f6e800 JavaThread "main" [_thread_blocked, id=2808, stack(0x0000000004e50000,0x0000000004f50000)]

Other Threads:
  0x0000000017707000 VMThread [stack: 0x00000000187a0000,0x00000000188a0000] [id=5276]
  0x00000000190b4000 WatcherThread [stack: 0x0000000019590000,0x0000000019690000] [id=6484]

VM state:not at safepoint (normal execution)

VM Mutex/Monitor currently owned by a thread: None

Heap:
 PSYoungGen      total 37888K, used 37882K [0x00000000eab00000, 0x00000000ed500000, 0x0000000100000000)
  eden space 32768K, 100% used [0x00000000eab00000,0x00000000ecb00000,0x00000000ecb00000)
  from space 5120K, 99% used [0x00000000ed000000,0x00000000ed4fea50,0x00000000ed500000)
  to   space 5120K, 0% used [0x00000000ecb00000,0x00000000ecb00000,0x00000000ed000000)
 ParOldGen       total 86016K, used 244K [0x00000000c0000000, 0x00000000c5400000, 0x00000000eab00000)
  object space 86016K, 0% used [0x00000000c0000000,0x00000000c003d018,0x00000000c5400000)
 Metaspace       used 14344K, capacity 14656K, committed 14848K, reserved 1062912K
  class space    used 2056K, capacity 2178K, committed 2304K, reserved 1048576K

Card table byte_map: [0x0000000014430000,0x0000000014640000] byte_map_base: 0x0000000013e30000

Marking Bits: (ParMarkBitMap*) 0x0000000056cf2d00
 Begin Bits: [0x0000000014ba0000, 0x0000000015ba0000)
 End Bits:   [0x0000000015ba0000, 0x0000000016ba0000)

Polling page: 0x0000000000dd0000

CodeCache: size=245760Kb used=4459Kb max_used=4501Kb free=241300Kb
 bounds [0x0000000005070000, 0x00000000054e0000, 0x0000000014070000]
 total_blobs=1637 nmethods=1267 adapters=282
 compilation: enabled

Compilation events (10 events):
Event: 10.138 Thread 0x0000000017741800 1314       3       org.gradle.internal.service.DefaultServiceRegistry::assertValidServiceType (35 bytes)
Event: 10.139 Thread 0x0000000017741800 nmethod 1314 0x000000000518e310 code [0x000000000518e4c0, 0x000000000518eab8]
Event: 10.139 Thread 0x0000000017741800 1315       3       java.lang.Class::isAnnotation (17 bytes)
Event: 10.139 Thread 0x0000000017741800 nmethod 1315 0x000000000523e6d0 code [0x000000000523e840, 0x000000000523eaa8]
Event: 10.141 Thread 0x000000001773e800 1316   !   4       java.net.URLClassLoader$1::run (63 bytes)
Event: 10.141 Thread 0x000000001773a800 1317       4       java.net.URLClassLoader$1::run (5 bytes)
Event: 10.169 Thread 0x0000000017741800 1318       1       java.util.HashMap::afterNodeAccess (1 bytes)
Event: 10.169 Thread 0x0000000017741800 nmethod 1318 0x000000000523e410 code [0x000000000523e560, 0x000000000523e670]
Event: 10.194 Thread 0x0000000017741800 1319       1       java.util.concurrent.locks.AbstractQueuedSynchronizer::getState (5 bytes)
Event: 10.194 Thread 0x0000000017741800 nmethod 1319 0x000000000523e150 code [0x000000000523e2a0, 0x000000000523e3b0]

GC Heap History (4 events):
Event: 4.637 GC heap before
{Heap before GC invocations=1 (full 0):
 PSYoungGen      total 37888K, used 32768K [0x00000000eab00000, 0x00000000ed500000, 0x0000000100000000)
  eden space 32768K, 100% used [0x00000000eab00000,0x00000000ecb00000,0x00000000ecb00000)
  from space 5120K, 0% used [0x00000000ed000000,0x00000000ed000000,0x00000000ed500000)
  to   space 5120K, 0% used [0x00000000ecb00000,0x00000000ecb00000,0x00000000ed000000)
 ParOldGen       total 86016K, used 0K [0x00000000c0000000, 0x00000000c5400000, 0x00000000eab00000)
  object space 86016K, 0% used [0x00000000c0000000,0x00000000c0000000,0x00000000c5400000)
 Metaspace       used 6637K, capacity 6768K, committed 7040K, reserved 1056768K
  class space    used 831K, capacity 876K, committed 896K, reserved 1048576K
Event: 4.642 GC heap after
Heap after GC invocations=1 (full 0):
 PSYoungGen      total 37888K, used 4053K [0x00000000eab00000, 0x00000000ed500000, 0x0000000100000000)
  eden space 32768K, 0% used [0x00000000eab00000,0x00000000eab00000,0x00000000ecb00000)
  from space 5120K, 79% used [0x00000000ecb00000,0x00000000ecef55e8,0x00000000ed000000)
  to   space 5120K, 0% used [0x00000000ed000000,0x00000000ed000000,0x00000000ed500000)
 ParOldGen       total 86016K, used 8K [0x00000000c0000000, 0x00000000c5400000, 0x00000000eab00000)
  object space 86016K, 0% used [0x00000000c0000000,0x00000000c0002000,0x00000000c5400000)
 Metaspace       used 6637K, capacity 6768K, committed 7040K, reserved 1056768K
  class space    used 831K, capacity 876K, committed 896K, reserved 1048576K
}
Event: 9.625 GC heap before
{Heap before GC invocations=2 (full 0):
 PSYoungGen      total 37888K, used 36821K [0x00000000eab00000, 0x00000000ed500000, 0x0000000100000000)
  eden space 32768K, 100% used [0x00000000eab00000,0x00000000ecb00000,0x00000000ecb00000)
  from space 5120K, 79% used [0x00000000ecb00000,0x00000000ecef55e8,0x00000000ed000000)
  to   space 5120K, 0% used [0x00000000ed000000,0x00000000ed000000,0x00000000ed500000)
 ParOldGen       total 86016K, used 8K [0x00000000c0000000, 0x00000000c5400000, 0x00000000eab00000)
  object space 86016K, 0% used [0x00000000c0000000,0x00000000c0002000,0x00000000c5400000)
 Metaspace       used 10980K, capacity 11274K, committed 11392K, reserved 1058816K
  class space    used 1488K, capacity 1583K, committed 1664K, reserved 1048576K
Event: 9.633 GC heap after
Heap after GC invocations=2 (full 0):
 PSYoungGen      total 37888K, used 5114K [0x00000000eab00000, 0x00000000ed500000, 0x0000000100000000)
  eden space 32768K, 0% used [0x00000000eab00000,0x00000000eab00000,0x00000000ecb00000)
  from space 5120K, 99% used [0x00000000ed000000,0x00000000ed4fea50,0x00000000ed500000)
  to   space 5120K, 0% used [0x00000000ecb00000,0x00000000ecb00000,0x00000000ed000000)
 ParOldGen       total 86016K, used 244K [0x00000000c0000000, 0x00000000c5400000, 0x00000000eab00000)
  object space 86016K, 0% used [0x00000000c0000000,0x00000000c003d018,0x00000000c5400000)
 Metaspace       used 10980K, capacity 11274K, committed 11392K, reserved 1058816K
  class space    used 1488K, capacity 1583K, committed 1664K, reserved 1048576K
}

Deoptimization events (10 events):
Event: 8.652 Thread 0x0000000004f6e800 Uncommon trap: reason=bimorphic action=maybe_recompile pc=0x00000000053abb18 method=java.util.HashMap.putVal(ILjava/lang/Object;Ljava/lang/Object;ZZ)Ljava/lang/Object; @ 203
Event: 8.950 Thread 0x0000000004f6e800 Uncommon trap: reason=unstable_if action=reinterpret pc=0x000000000531e56c method=java.io.WinNTFileSystem.normalize(Ljava/lang/String;)Ljava/lang/String; @ 128
Event: 8.950 Thread 0x0000000004f6e800 Uncommon trap: reason=unstable_if action=reinterpret pc=0x0000000005397604 method=java.io.WinNTFileSystem.normalize(Ljava/lang/String;II)Ljava/lang/String; @ 90
Event: 9.703 Thread 0x000000001a55a800 Uncommon trap: reason=unstable_if action=reinterpret pc=0x0000000005410fa0 method=java.util.concurrent.ConcurrentHashMap.putVal(Ljava/lang/Object;Ljava/lang/Object;Z)Ljava/lang/Object; @ 206
Event: 9.780 Thread 0x000000001a6bf800 Uncommon trap: reason=bimorphic action=maybe_recompile pc=0x00000000053ab5a8 method=java.util.HashMap.putVal(ILjava/lang/Object;Ljava/lang/Object;ZZ)Ljava/lang/Object; @ 253
Event: 9.780 Thread 0x000000001a6bf800 Uncommon trap: reason=bimorphic action=maybe_recompile pc=0x00000000053ab5a8 method=java.util.HashMap.putVal(ILjava/lang/Object;Ljava/lang/Object;ZZ)Ljava/lang/Object; @ 253
Event: 9.780 Thread 0x000000001a6bf800 Uncommon trap: reason=bimorphic action=maybe_recompile pc=0x00000000053b54d4 method=java.util.HashMap.putVal(ILjava/lang/Object;Ljava/lang/Object;ZZ)Ljava/lang/Object; @ 253
Event: 9.798 Thread 0x000000001a6bf800 Uncommon trap: reason=class_check action=maybe_recompile pc=0x0000000005317318 method=java.util.regex.Matcher.match(II)Z @ 86
Event: 10.144 Thread 0x000000001a6bf800 Uncommon trap: reason=class_check action=maybe_recompile pc=0x0000000005317318 method=java.util.regex.Matcher.match(II)Z @ 86
Event: 10.145 Thread 0x000000001a6bf800 Uncommon trap: reason=class_check action=maybe_recompile pc=0x00000000052e2a5c method=java.util.regex.Matcher.match(II)Z @ 86

Classes redefined (0 events):
No events

Internal exceptions (10 events):
Event: 9.706 Thread 0x000000001a55a800 Exception <a 'java/lang/NoSuchMethodError': <clinit>> (0x00000000eac4e4c0) thrown at [C:\re\workspace\8-2-build-windows-amd64-cygwin\jdk8u181\11358\hotspot\src\share\vm\prims\jni.cpp, line 1613]
Event: 9.708 Thread 0x000000001a55a800 Exception <a 'java/lang/NoSuchMethodError': <clinit>> (0x00000000eac5d320) thrown at [C:\re\workspace\8-2-build-windows-amd64-cygwin\jdk8u181\11358\hotspot\src\share\vm\prims\jni.cpp, line 1613]
Event: 9.711 Thread 0x000000001a55a800 Exception <a 'java/lang/NoSuchMethodError': <clinit>> (0x00000000eac7ee00) thrown at [C:\re\workspace\8-2-build-windows-amd64-cygwin\jdk8u181\11358\hotspot\src\share\vm\prims\jni.cpp, line 1613]
Event: 9.719 Thread 0x000000001a55a800 Exception <a 'java/lang/NoSuchMethodError': <clinit>> (0x00000000eacd6768) thrown at [C:\re\workspace\8-2-build-windows-amd64-cygwin\jdk8u181\11358\hotspot\src\share\vm\prims\jni.cpp, line 1613]
Event: 9.725 Thread 0x000000001a55a800 Exception <a 'java/lang/NoSuchMethodError': <clinit>> (0x00000000ead05c88) thrown at [C:\re\workspace\8-2-build-windows-amd64-cygwin\jdk8u181\11358\hotspot\src\share\vm\prims\jni.cpp, line 1613]
Event: 9.732 Thread 0x000000001a55a800 Exception <a 'java/lang/NoSuchMethodError': <clinit>> (0x00000000ead39918) thrown at [C:\re\workspace\8-2-build-windows-amd64-cygwin\jdk8u181\11358\hotspot\src\share\vm\prims\jni.cpp, line 1613]
Event: 9.733 Thread 0x000000001a55a800 Exception <a 'java/lang/NoSuchMethodError': <clinit>> (0x00000000ead475c0) thrown at [C:\re\workspace\8-2-build-windows-amd64-cygwin\jdk8u181\11358\hotspot\src\share\vm\prims\jni.cpp, line 1613]
Event: 9.737 Thread 0x000000001a55a800 Exception <a 'java/lang/NoSuchMethodError': <clinit>> (0x00000000ead6e7e0) thrown at [C:\re\workspace\8-2-build-windows-amd64-cygwin\jdk8u181\11358\hotspot\src\share\vm\prims\jni.cpp, line 1613]
Event: 9.757 Thread 0x000000001a6bf800 Exception <a 'java/lang/NoSuchMethodError': <clinit>> (0x00000000eaeb0560) thrown at [C:\re\workspace\8-2-build-windows-amd64-cygwin\jdk8u181\11358\hotspot\src\share\vm\prims\jni.cpp, line 1613]
Event: 9.758 Thread 0x000000001a6bf800 Exception <a 'java/lang/NoSuchMethodError': <clinit>> (0x00000000eaeb8850) thrown at [C:\re\workspace\8-2-build-windows-amd64-cygwin\jdk8u181\11358\hotspot\src\share\vm\prims\jni.cpp, line 1613]

Events (10 events):
Event: 10.202 loading class org/gradle/cache/internal/ProducerGuard$SerialProducerGuard
Event: 10.202 loading class org/gradle/cache/internal/ProducerGuard$SerialProducerGuard done
Event: 10.202 loading class org/gradle/cache/internal/ProducerGuard$AdaptiveProducerGuard
Event: 10.202 loading class org/gradle/cache/internal/ProducerGuard$AdaptiveProducerGuard done
Event: 10.203 loading class com/google/common/util/concurrent/Striped
Event: 10.203 loading class com/google/common/util/concurrent/Striped done
Event: 10.204 loading class com/google/common/util/concurrent/Striped$CompactStriped
Event: 10.204 loading class com/google/common/util/concurrent/Striped$CompactStriped done
Event: 10.208 loading class com/google/common/util/concurrent/Striped$PowerOfTwoStriped
Event: 10.208 loading class com/google/common/util/concurrent/Striped$PowerOfTwoStriped done


Dynamic libraries:
0x00007ff7db8f0000 - 0x00007ff7db927000 	C:\Program Files\Java\JDK1.8.0_181\bin\java.exe
0x00007ff826940000 - 0x00007ff826b20000 	C:\WINDOWS\SYSTEM32\ntdll.dll
0x00007ff825de0000 - 0x00007ff825e8e000 	C:\WINDOWS\System32\KERNEL32.DLL
0x00007ff823a50000 - 0x00007ff823cb6000 	C:\WINDOWS\System32\KERNELBASE.dll
0x00007ff824110000 - 0x00007ff8241b1000 	C:\WINDOWS\System32\ADVAPI32.dll
0x00007ff826410000 - 0x00007ff8264ad000 	C:\WINDOWS\System32\msvcrt.dll
0x00007ff8262e0000 - 0x00007ff82633b000 	C:\WINDOWS\System32\sechost.dll
0x00007ff8264c0000 - 0x00007ff8265df000 	C:\WINDOWS\System32\RPCRT4.dll
0x00007ff8265e0000 - 0x00007ff82676f000 	C:\WINDOWS\System32\USER32.dll
0x00007ff823cc0000 - 0x00007ff823ce0000 	C:\WINDOWS\System32\win32u.dll
0x00007ff823e40000 - 0x00007ff823e68000 	C:\WINDOWS\System32\GDI32.dll
0x00007ff822ee0000 - 0x00007ff823073000 	C:\WINDOWS\System32\gdi32full.dll
0x00007ff822e40000 - 0x00007ff822edb000 	C:\WINDOWS\System32\msvcp_win.dll
0x00007ff822d40000 - 0x00007ff822e35000 	C:\WINDOWS\System32\ucrtbase.dll
0x00007ff814300000 - 0x00007ff814569000 	C:\WINDOWS\WinSxS\amd64_microsoft.windows.common-controls_6595b64144ccf1df_6.0.16299.665_none_15cbd8769361ff10\COMCTL32.dll
0x00007ff8244e0000 - 0x00007ff8247e7000 	C:\WINDOWS\System32\combase.dll
0x00007ff823d90000 - 0x00007ff823e02000 	C:\WINDOWS\System32\bcryptPrimitives.dll
0x00007ff823e10000 - 0x00007ff823e3d000 	C:\WINDOWS\System32\IMM32.DLL
0x0000000056d80000 - 0x0000000056e52000 	C:\Program Files\Java\JDK1.8.0_181\jre\bin\msvcr100.dll
0x00000000564d0000 - 0x0000000056d72000 	C:\Program Files\Java\JDK1.8.0_181\jre\bin\server\jvm.dll
0x00007ff823e70000 - 0x00007ff823e78000 	C:\WINDOWS\System32\PSAPI.DLL
0x00007ff811f80000 - 0x00007ff811f89000 	C:\WINDOWS\SYSTEM32\WSOCK32.dll
0x00007ff820920000 - 0x00007ff820943000 	C:\WINDOWS\SYSTEM32\WINMM.dll
0x00007ff824860000 - 0x00007ff8248cc000 	C:\WINDOWS\System32\WS2_32.dll
0x00007ff8205f0000 - 0x00007ff82061a000 	C:\WINDOWS\SYSTEM32\WINMMBASE.dll
0x00007ff823d40000 - 0x00007ff823d8a000 	C:\WINDOWS\System32\cfgmgr32.dll
0x00007ff814580000 - 0x00007ff81458a000 	C:\WINDOWS\SYSTEM32\VERSION.dll
0x00000000564c0000 - 0x00000000564cf000 	C:\Program Files\Java\JDK1.8.0_181\jre\bin\verify.dll
0x0000000056490000 - 0x00000000564b9000 	C:\Program Files\Java\JDK1.8.0_181\jre\bin\java.dll
0x0000000056470000 - 0x0000000056486000 	C:\Program Files\Java\JDK1.8.0_181\jre\bin\zip.dll
0x00007ff8249a0000 - 0x00007ff825dd8000 	C:\WINDOWS\System32\SHELL32.dll
0x00007ff8248d0000 - 0x00007ff824976000 	C:\WINDOWS\System32\shcore.dll
0x00007ff823250000 - 0x00007ff823997000 	C:\WINDOWS\System32\windows.storage.dll
0x00007ff824220000 - 0x00007ff824271000 	C:\WINDOWS\System32\shlwapi.dll
0x00007ff822d00000 - 0x00007ff822d11000 	C:\WINDOWS\System32\kernel.appcore.dll
0x00007ff822cb0000 - 0x00007ff822cfc000 	C:\WINDOWS\System32\powrprof.dll
0x00007ff822d20000 - 0x00007ff822d3b000 	C:\WINDOWS\System32\profapi.dll
0x0000000056450000 - 0x000000005646a000 	C:\Program Files\Java\JDK1.8.0_181\jre\bin\net.dll
0x00007ff822520000 - 0x00007ff822586000 	C:\WINDOWS\system32\mswsock.dll
0x0000000056430000 - 0x0000000056441000 	C:\Program Files\Java\JDK1.8.0_181\jre\bin\nio.dll
0x00007ff81d030000 - 0x00007ff81d04e000 	C:\Users\DS\.gradle\native\25\windows-amd64\native-platform.dll
0x0000000056420000 - 0x000000005642d000 	C:\Program Files\Java\JDK1.8.0_181\jre\bin\management.dll
0x00007ff8226e0000 - 0x00007ff8226f7000 	C:\WINDOWS\SYSTEM32\CRYPTSP.dll
0x00007ff822120000 - 0x00007ff822153000 	C:\WINDOWS\system32\rsaenh.dll
0x00007ff8227f0000 - 0x00007ff822815000 	C:\WINDOWS\SYSTEM32\bcrypt.dll
0x00007ff822bc0000 - 0x00007ff822be9000 	C:\WINDOWS\SYSTEM32\USERENV.dll
0x00007ff822700000 - 0x00007ff82270b000 	C:\WINDOWS\SYSTEM32\CRYPTBASE.dll
0x00007ff8222b0000 - 0x00007ff8222e9000 	C:\WINDOWS\SYSTEM32\IPHLPAPI.DLL
0x00007ff8247f0000 - 0x00007ff8247f8000 	C:\WINDOWS\System32\NSI.dll
0x00007ff81a2f0000 - 0x00007ff81a306000 	C:\WINDOWS\SYSTEM32\dhcpcsvc6.DLL
0x00007ff81a4b0000 - 0x00007ff81a4ca000 	C:\WINDOWS\SYSTEM32\dhcpcsvc.DLL

VM Arguments:
jvm_args: -XX:+HeapDumpOnOutOfMemoryError -Xmx1024m -Dfile.encoding=windows-1252 -Duser.country=US -Duser.language=en -Duser.variant 
java_command: org.gradle.launcher.daemon.bootstrap.GradleDaemon 4.4
java_class_path (initial): C:\Users\DS\.gradle\wrapper\dists\gradle-4.4-all\9br9xq1tocpiv8o6njlyu5op1\gradle-4.4\lib\gradle-launcher-4.4.jar
Launcher Type: SUN_STANDARD

Environment Variables:
JAVA_HOME=C:\Program Files\Java\JDK1.8.0_181
CLASSPATH=C:\Users\DS\ReactNativeProjects\h8_FinalProject\android\\gradle\wrapper\gradle-wrapper.jar
PATH=C:\WINDOWS;C:\WINDOWS\system32;C:\WINDOWS\System32\Wbem;C:\WINDOWS\System32\WindowsPowerShell\v1.0\;C:\Program Files (x86)\Common Files\Intel\Shared Files\cpp\bin\Intel64;C:\ProgramData\chocolatey\bin;C:\ProgramData\ComposerSetup\bin;C:\Program Files (x86)\Common Files\Oracle\Java\javapath;C:\Program Files\Git\cmd;C:\Program Files\Microsoft VS Code\bin;C:\Python27\;C:\Python27\Scripts;C:\XAMPP\php;C:\Program Files\nodejs\;C:\Users\DS\AppData\Local\Microsoft\WindowsApps;C:\Users\DS\AppData\Roaming\Composer\vendor\bin;C:\Program Files\Java\JDK1.8.0_181\bin;C:\Program Files\Oracle\VirtualBox;C:\Users\DS\AppData\Local\atom\bin;C:\Users\DS\AppData\Local\GitHubDesktop\bin;C:\Users\DS\AppData\Roaming\npm
USERNAME=DS
OS=Windows_NT
PROCESSOR_IDENTIFIER=Intel64 Family 6 Model 142 Stepping 9, GenuineIntel



---------------  S Y S T E M  ---------------

OS: Windows 10.0 , 64 bit Build 16299 (10.0.16299.431)

CPU:total 4 (initial active 4) (2 cores per cpu, 2 threads per core) family 6 model 142 stepping 9, cmov, cx8, fxsr, mmx, sse, sse2, sse3, ssse3, sse4.1, sse4.2, popcnt, avx, avx2, aes, clmul, erms, 3dnowpref, lzcnt, ht, tsc, tscinvbit, bmi1, bmi2, adx

Memory: 4k page, physical 8251788k(904188k free), swap 8251788k(3556k free)

vm_info: Java HotSpot(TM) 64-Bit Server VM (25.181-b13) for windows-amd64 JRE (1.8.0_181-b13), built on Jul  7 2018 04:01:33 by "java_re" with MS VC++ 10.0 (VS2010)

time: Thu Oct 18 14:31:11 2018
elapsed time: 10 seconds (0d 0h 0m 10s)

